INFO:     Will watch for changes in these directories: ['F:\\PerfectPrompt\\backend']
INFO:     Uvicorn running on http://0.0.0.0:8000 (Press CTRL+C to quit)
INFO:     Started reloader process [56316] using WatchFiles
C:\Users\46736\AppData\Local\Programs\Python\Python39\lib\site-packages\google\api_core\_python_version_support.py:252: FutureWarning: You are using a Python version (3.9.5) past its end of life. Google will update google.api_core with critical bug fixes on a best-effort basis, but not with any other fixes or features. Please upgrade to the latest Python version, or at least Python 3.10, and then update google.api_core.
  warnings.warn(message, FutureWarning)
INFO:     Started server process [55576]
INFO:     Waiting for application startup.
INFO:     Application startup complete.
INFO:audit:AUDIT LOG: LOGIN by 06db787c-effe-49ba-b97b-9339d6f934ac on None
WARNING:  WatchFiles detected changes in 'config.py'. Reloading...
INFO:audit:AUDIT LOG: LOGIN by 06db787c-effe-49ba-b97b-9339d6f934ac on None
INFO:     Shutting down
INFO:     Waiting for application shutdown.
INFO:     Application shutdown complete.
INFO:     Finished server process [55576]
WARNING:  WatchFiles detected changes in 'config.py'. Reloading...
Process SpawnProcess-2:
Traceback (most recent call last):
  File "C:\Users\46736\AppData\Local\Programs\Python\Python39\lib\multiprocessing\process.py", line 315, in _bootstrap
    self.run()
  File "C:\Users\46736\AppData\Local\Programs\Python\Python39\lib\multiprocessing\process.py", line 108, in run
    self._target(*self._args, **self._kwargs)
  File "C:\Users\46736\AppData\Local\Programs\Python\Python39\lib\site-packages\uvicorn\_subprocess.py", line 76, in subprocess_started
    target(sockets=sockets)
  File "C:\Users\46736\AppData\Local\Programs\Python\Python39\lib\site-packages\uvicorn\server.py", line 61, in run
    return asyncio.run(self.serve(sockets=sockets))
  File "C:\Users\46736\AppData\Local\Programs\Python\Python39\lib\asyncio\runners.py", line 44, in run
    return loop.run_until_complete(main)
  File "C:\Users\46736\AppData\Local\Programs\Python\Python39\lib\asyncio\base_events.py", line 629, in run_until_complete
    self.run_forever()
  File "C:\Users\46736\AppData\Local\Programs\Python\Python39\lib\asyncio\base_events.py", line 596, in run_forever
    self._run_once()
  File "C:\Users\46736\AppData\Local\Programs\Python\Python39\lib\asyncio\base_events.py", line 1890, in _run_once
    handle._run()
  File "C:\Users\46736\AppData\Local\Programs\Python\Python39\lib\asyncio\events.py", line 80, in _run
    self._context.run(self._callback, *self._args)
  File "C:\Users\46736\AppData\Local\Programs\Python\Python39\lib\site-packages\uvicorn\server.py", line 68, in serve
    config.load()
  File "C:\Users\46736\AppData\Local\Programs\Python\Python39\lib\site-packages\uvicorn\config.py", line 467, in load
    self.loaded_app = import_from_string(self.app)
  File "C:\Users\46736\AppData\Local\Programs\Python\Python39\lib\site-packages\uvicorn\importer.py", line 21, in import_from_string
    module = importlib.import_module(module_str)
  File "C:\Users\46736\AppData\Local\Programs\Python\Python39\lib\importlib\__init__.py", line 127, in import_module
    return _bootstrap._gcd_import(name[level:], package, level)
  File "<frozen importlib._bootstrap>", line 1030, in _gcd_import
  File "<frozen importlib._bootstrap>", line 1007, in _find_and_load
  File "<frozen importlib._bootstrap>", line 986, in _find_and_load_unlocked
  File "<frozen importlib._bootstrap>", line 680, in _load_unlocked
  File "<frozen importlib._bootstrap_external>", line 855, in exec_module
  File "<frozen importlib._bootstrap>", line 228, in _call_with_frames_removed
  File "F:\PerfectPrompt\backend\main.py", line 12, in <module>
    from sqlalchemy.orm import Session
  File "C:\Users\46736\AppData\Local\Programs\Python\Python39\lib\site-packages\sqlalchemy\__init__.py", line 12, in <module>
    from . import util as _util
  File "C:\Users\46736\AppData\Local\Programs\Python\Python39\lib\site-packages\sqlalchemy\util\__init__.py", line 14, in <module>
    from ._collections import coerce_generator_arg as coerce_generator_arg
  File "C:\Users\46736\AppData\Local\Programs\Python\Python39\lib\site-packages\sqlalchemy\util\_collections.py", line 38, in <module>
    from ._has_cy import HAS_CYEXTENSION
  File "C:\Users\46736\AppData\Local\Programs\Python\Python39\lib\site-packages\sqlalchemy\util\_has_cy.py", line 32, in <module>
    _import_cy_extensions()
  File "C:\Users\46736\AppData\Local\Programs\Python\Python39\lib\site-packages\sqlalchemy\util\_has_cy.py", line 20, in _import_cy_extensions
    from ..cyextension import util
  File "lib/sqlalchemy/cyextension/util.pyx", line 9, in init sqlalchemy.cyextension.util
  File "C:\Users\46736\AppData\Local\Programs\Python\Python39\lib\site-packages\sqlalchemy\exc.py", line 26, in <module>
    from .util import compat
  File "C:\Users\46736\AppData\Local\Programs\Python\Python39\lib\site-packages\sqlalchemy\util\compat.py", line 50, in <module>
    arm = "aarch" in platform.machine().lower()
  File "C:\Users\46736\AppData\Local\Programs\Python\Python39\lib\platform.py", line 957, in machine
    return uname().machine
  File "C:\Users\46736\AppData\Local\Programs\Python\Python39\lib\platform.py", line 855, in uname
    release, version, csd, ptype = win32_ver()
  File "C:\Users\46736\AppData\Local\Programs\Python\Python39\lib\platform.py", line 367, in win32_ver
    major, minor, build = map(int, _syscmd_ver()[2].split('.'))
  File "C:\Users\46736\AppData\Local\Programs\Python\Python39\lib\platform.py", line 282, in _syscmd_ver
    info = subprocess.check_output(cmd,
  File "C:\Users\46736\AppData\Local\Programs\Python\Python39\lib\subprocess.py", line 424, in check_output
    return run(*popenargs, stdout=PIPE, timeout=timeout, check=True,
  File "C:\Users\46736\AppData\Local\Programs\Python\Python39\lib\subprocess.py", line 507, in run
    stdout, stderr = process.communicate(input, timeout=timeout)
  File "C:\Users\46736\AppData\Local\Programs\Python\Python39\lib\subprocess.py", line 1121, in communicate
    stdout = self.stdout.read()
  File "C:\Users\46736\AppData\Local\Programs\Python\Python39\lib\encodings\cp1252.py", line 22, in decode
    def decode(self, input, final=False):
KeyboardInterrupt
C:\Users\46736\AppData\Local\Programs\Python\Python39\lib\site-packages\google\api_core\_python_version_support.py:252: FutureWarning: You are using a Python version (3.9.5) past its end of life. Google will update google.api_core with critical bug fixes on a best-effort basis, but not with any other fixes or features. Please upgrade to the latest Python version, or at least Python 3.10, and then update google.api_core.
  warnings.warn(message, FutureWarning)
INFO:     Started server process [72032]
INFO:     Waiting for application startup.
INFO:     Application startup complete.
INFO:audit:AUDIT LOG: LOGIN by 06db787c-effe-49ba-b97b-9339d6f934ac on None
INFO:audit:AUDIT LOG: LOGIN by 06db787c-effe-49ba-b97b-9339d6f934ac on None
WARNING:  WatchFiles detected changes in 'main.py'. Reloading...
INFO:audit:AUDIT LOG: LOGIN by 06db787c-effe-49ba-b97b-9339d6f934ac on None
INFO:     Shutting down
INFO:     Waiting for application shutdown.
INFO:     Application shutdown complete.
INFO:     Finished server process [72032]
WARNING:  WatchFiles detected changes in 'main.py'. Reloading...
Process SpawnProcess-4:
Traceback (most recent call last):
  File "C:\Users\46736\AppData\Local\Programs\Python\Python39\lib\multiprocessing\process.py", line 315, in _bootstrap
    self.run()
  File "C:\Users\46736\AppData\Local\Programs\Python\Python39\lib\multiprocessing\process.py", line 108, in run
    self._target(*self._args, **self._kwargs)
  File "C:\Users\46736\AppData\Local\Programs\Python\Python39\lib\site-packages\uvicorn\_subprocess.py", line 76, in subprocess_started
    target(sockets=sockets)
  File "C:\Users\46736\AppData\Local\Programs\Python\Python39\lib\site-packages\uvicorn\server.py", line 61, in run
    return asyncio.run(self.serve(sockets=sockets))
  File "C:\Users\46736\AppData\Local\Programs\Python\Python39\lib\asyncio\runners.py", line 44, in run
    return loop.run_until_complete(main)
  File "C:\Users\46736\AppData\Local\Programs\Python\Python39\lib\asyncio\base_events.py", line 629, in run_until_complete
    self.run_forever()
  File "C:\Users\46736\AppData\Local\Programs\Python\Python39\lib\asyncio\base_events.py", line 596, in run_forever
    self._run_once()
  File "C:\Users\46736\AppData\Local\Programs\Python\Python39\lib\asyncio\base_events.py", line 1890, in _run_once
    handle._run()
  File "C:\Users\46736\AppData\Local\Programs\Python\Python39\lib\asyncio\events.py", line 80, in _run
    self._context.run(self._callback, *self._args)
  File "C:\Users\46736\AppData\Local\Programs\Python\Python39\lib\site-packages\uvicorn\server.py", line 68, in serve
    config.load()
  File "C:\Users\46736\AppData\Local\Programs\Python\Python39\lib\site-packages\uvicorn\config.py", line 467, in load
    self.loaded_app = import_from_string(self.app)
  File "C:\Users\46736\AppData\Local\Programs\Python\Python39\lib\site-packages\uvicorn\importer.py", line 21, in import_from_string
    module = importlib.import_module(module_str)
  File "C:\Users\46736\AppData\Local\Programs\Python\Python39\lib\importlib\__init__.py", line 127, in import_module
    return _bootstrap._gcd_import(name[level:], package, level)
  File "<frozen importlib._bootstrap>", line 1030, in _gcd_import
  File "<frozen importlib._bootstrap>", line 1007, in _find_and_load
  File "<frozen importlib._bootstrap>", line 986, in _find_and_load_unlocked
  File "<frozen importlib._bootstrap>", line 680, in _load_unlocked
  File "<frozen importlib._bootstrap_external>", line 855, in exec_module
  File "<frozen importlib._bootstrap>", line 228, in _call_with_frames_removed
  File "F:\PerfectPrompt\backend\main.py", line 12, in <module>
    from sqlalchemy.orm import Session
  File "C:\Users\46736\AppData\Local\Programs\Python\Python39\lib\site-packages\sqlalchemy\__init__.py", line 12, in <module>
    from . import util as _util
  File "C:\Users\46736\AppData\Local\Programs\Python\Python39\lib\site-packages\sqlalchemy\util\__init__.py", line 14, in <module>
    from ._collections import coerce_generator_arg as coerce_generator_arg
  File "C:\Users\46736\AppData\Local\Programs\Python\Python39\lib\site-packages\sqlalchemy\util\_collections.py", line 38, in <module>
    from ._has_cy import HAS_CYEXTENSION
  File "C:\Users\46736\AppData\Local\Programs\Python\Python39\lib\site-packages\sqlalchemy\util\_has_cy.py", line 32, in <module>
    _import_cy_extensions()
  File "C:\Users\46736\AppData\Local\Programs\Python\Python39\lib\site-packages\sqlalchemy\util\_has_cy.py", line 20, in _import_cy_extensions
    from ..cyextension import util
  File "lib/sqlalchemy/cyextension/util.pyx", line 9, in init sqlalchemy.cyextension.util
  File "C:\Users\46736\AppData\Local\Programs\Python\Python39\lib\site-packages\sqlalchemy\exc.py", line 26, in <module>
    from .util import compat
  File "C:\Users\46736\AppData\Local\Programs\Python\Python39\lib\site-packages\sqlalchemy\util\compat.py", line 50, in <module>
    arm = "aarch" in platform.machine().lower()
  File "C:\Users\46736\AppData\Local\Programs\Python\Python39\lib\platform.py", line 957, in machine
    return uname().machine
  File "C:\Users\46736\AppData\Local\Programs\Python\Python39\lib\platform.py", line 855, in uname
    release, version, csd, ptype = win32_ver()
  File "C:\Users\46736\AppData\Local\Programs\Python\Python39\lib\platform.py", line 367, in win32_ver
    major, minor, build = map(int, _syscmd_ver()[2].split('.'))
  File "C:\Users\46736\AppData\Local\Programs\Python\Python39\lib\platform.py", line 282, in _syscmd_ver
    info = subprocess.check_output(cmd,
  File "C:\Users\46736\AppData\Local\Programs\Python\Python39\lib\subprocess.py", line 424, in check_output
    return run(*popenargs, stdout=PIPE, timeout=timeout, check=True,
  File "C:\Users\46736\AppData\Local\Programs\Python\Python39\lib\subprocess.py", line 507, in run
    stdout, stderr = process.communicate(input, timeout=timeout)
  File "C:\Users\46736\AppData\Local\Programs\Python\Python39\lib\subprocess.py", line 1121, in communicate
    stdout = self.stdout.read()
  File "C:\Users\46736\AppData\Local\Programs\Python\Python39\lib\encodings\cp1252.py", line 22, in decode
    def decode(self, input, final=False):
KeyboardInterrupt
C:\Users\46736\AppData\Local\Programs\Python\Python39\lib\site-packages\google\api_core\_python_version_support.py:252: FutureWarning: You are using a Python version (3.9.5) past its end of life. Google will update google.api_core with critical bug fixes on a best-effort basis, but not with any other fixes or features. Please upgrade to the latest Python version, or at least Python 3.10, and then update google.api_core.
  warnings.warn(message, FutureWarning)
INFO:     Started server process [71852]
INFO:     Waiting for application startup.
INFO:     Application startup complete.
INFO:audit:AUDIT LOG: LOGIN by 06db787c-effe-49ba-b97b-9339d6f934ac on None
INFO:audit:AUDIT LOG: LOGIN by 06db787c-effe-49ba-b97b-9339d6f934ac on None
INFO:audit:AUDIT LOG: LOGIN by 06db787c-effe-49ba-b97b-9339d6f934ac on None
INFO:audit:AUDIT LOG: LOGIN by 06db787c-effe-49ba-b97b-9339d6f934ac on None
INFO:audit:AUDIT LOG: LOGIN by 06db787c-effe-49ba-b97b-9339d6f934ac on None
WARNING:  WatchFiles detected changes in 'schemas.py'. Reloading...
INFO:     Shutting down
INFO:     Waiting for application shutdown.
INFO:     Application shutdown complete.
INFO:     Finished server process [71852]
WARNING:  WatchFiles detected changes in 'schemas.py'. Reloading...
Process SpawnProcess-6:
Traceback (most recent call last):
  File "C:\Users\46736\AppData\Local\Programs\Python\Python39\lib\multiprocessing\process.py", line 315, in _bootstrap
    self.run()
  File "C:\Users\46736\AppData\Local\Programs\Python\Python39\lib\multiprocessing\process.py", line 108, in run
    self._target(*self._args, **self._kwargs)
  File "C:\Users\46736\AppData\Local\Programs\Python\Python39\lib\site-packages\uvicorn\_subprocess.py", line 76, in subprocess_started
    target(sockets=sockets)
  File "C:\Users\46736\AppData\Local\Programs\Python\Python39\lib\site-packages\uvicorn\server.py", line 61, in run
    return asyncio.run(self.serve(sockets=sockets))
  File "C:\Users\46736\AppData\Local\Programs\Python\Python39\lib\asyncio\runners.py", line 44, in run
    return loop.run_until_complete(main)
  File "C:\Users\46736\AppData\Local\Programs\Python\Python39\lib\asyncio\base_events.py", line 629, in run_until_complete
    self.run_forever()
  File "C:\Users\46736\AppData\Local\Programs\Python\Python39\lib\asyncio\base_events.py", line 596, in run_forever
    self._run_once()
  File "C:\Users\46736\AppData\Local\Programs\Python\Python39\lib\asyncio\base_events.py", line 1890, in _run_once
    handle._run()
  File "C:\Users\46736\AppData\Local\Programs\Python\Python39\lib\asyncio\events.py", line 80, in _run
    self._context.run(self._callback, *self._args)
  File "C:\Users\46736\AppData\Local\Programs\Python\Python39\lib\site-packages\uvicorn\server.py", line 68, in serve
    config.load()
  File "C:\Users\46736\AppData\Local\Programs\Python\Python39\lib\site-packages\uvicorn\config.py", line 467, in load
    self.loaded_app = import_from_string(self.app)
  File "C:\Users\46736\AppData\Local\Programs\Python\Python39\lib\site-packages\uvicorn\importer.py", line 21, in import_from_string
    module = importlib.import_module(module_str)
  File "C:\Users\46736\AppData\Local\Programs\Python\Python39\lib\importlib\__init__.py", line 127, in import_module
    return _bootstrap._gcd_import(name[level:], package, level)
  File "<frozen importlib._bootstrap>", line 1030, in _gcd_import
  File "<frozen importlib._bootstrap>", line 1007, in _find_and_load
  File "<frozen importlib._bootstrap>", line 986, in _find_and_load_unlocked
  File "<frozen importlib._bootstrap>", line 680, in _load_unlocked
  File "<frozen importlib._bootstrap_external>", line 855, in exec_module
  File "<frozen importlib._bootstrap>", line 228, in _call_with_frames_removed
  File "F:\PerfectPrompt\backend\main.py", line 12, in <module>
    from sqlalchemy.orm import Session
  File "C:\Users\46736\AppData\Local\Programs\Python\Python39\lib\site-packages\sqlalchemy\__init__.py", line 12, in <module>
    from . import util as _util
  File "C:\Users\46736\AppData\Local\Programs\Python\Python39\lib\site-packages\sqlalchemy\util\__init__.py", line 14, in <module>
    from ._collections import coerce_generator_arg as coerce_generator_arg
  File "C:\Users\46736\AppData\Local\Programs\Python\Python39\lib\site-packages\sqlalchemy\util\_collections.py", line 38, in <module>
    from ._has_cy import HAS_CYEXTENSION
  File "C:\Users\46736\AppData\Local\Programs\Python\Python39\lib\site-packages\sqlalchemy\util\_has_cy.py", line 32, in <module>
    _import_cy_extensions()
  File "C:\Users\46736\AppData\Local\Programs\Python\Python39\lib\site-packages\sqlalchemy\util\_has_cy.py", line 20, in _import_cy_extensions
    from ..cyextension import util
  File "lib/sqlalchemy/cyextension/util.pyx", line 9, in init sqlalchemy.cyextension.util
  File "C:\Users\46736\AppData\Local\Programs\Python\Python39\lib\site-packages\sqlalchemy\exc.py", line 26, in <module>
    from .util import compat
  File "C:\Users\46736\AppData\Local\Programs\Python\Python39\lib\site-packages\sqlalchemy\util\compat.py", line 50, in <module>
    arm = "aarch" in platform.machine().lower()
  File "C:\Users\46736\AppData\Local\Programs\Python\Python39\lib\platform.py", line 957, in machine
    return uname().machine
  File "C:\Users\46736\AppData\Local\Programs\Python\Python39\lib\platform.py", line 855, in uname
    release, version, csd, ptype = win32_ver()
  File "C:\Users\46736\AppData\Local\Programs\Python\Python39\lib\platform.py", line 367, in win32_ver
    major, minor, build = map(int, _syscmd_ver()[2].split('.'))
  File "C:\Users\46736\AppData\Local\Programs\Python\Python39\lib\platform.py", line 282, in _syscmd_ver
    info = subprocess.check_output(cmd,
  File "C:\Users\46736\AppData\Local\Programs\Python\Python39\lib\subprocess.py", line 424, in check_output
    return run(*popenargs, stdout=PIPE, timeout=timeout, check=True,
  File "C:\Users\46736\AppData\Local\Programs\Python\Python39\lib\subprocess.py", line 507, in run
    stdout, stderr = process.communicate(input, timeout=timeout)
  File "C:\Users\46736\AppData\Local\Programs\Python\Python39\lib\subprocess.py", line 1121, in communicate
    stdout = self.stdout.read()
  File "C:\Users\46736\AppData\Local\Programs\Python\Python39\lib\encodings\cp1252.py", line 22, in decode
    def decode(self, input, final=False):
KeyboardInterrupt
C:\Users\46736\AppData\Local\Programs\Python\Python39\lib\site-packages\google\api_core\_python_version_support.py:252: FutureWarning: You are using a Python version (3.9.5) past its end of life. Google will update google.api_core with critical bug fixes on a best-effort basis, but not with any other fixes or features. Please upgrade to the latest Python version, or at least Python 3.10, and then update google.api_core.
  warnings.warn(message, FutureWarning)
INFO:     Started server process [77012]
INFO:     Waiting for application startup.
INFO:     Application startup complete.
INFO:audit:AUDIT LOG: LOGIN by 06db787c-effe-49ba-b97b-9339d6f934ac on None
INFO:audit:AUDIT LOG: LOGIN by 06db787c-effe-49ba-b97b-9339d6f934ac on None
INFO:audit:AUDIT LOG: LOGIN by 06db787c-effe-49ba-b97b-9339d6f934ac on None
INFO:audit:AUDIT LOG: LOGIN by 06db787c-effe-49ba-b97b-9339d6f934ac on None
INFO:audit:AUDIT LOG: LOGIN by 06db787c-effe-49ba-b97b-9339d6f934ac on None
INFO:audit:AUDIT LOG: LOGIN by 06db787c-effe-49ba-b97b-9339d6f934ac on None
INFO:audit:AUDIT LOG: LOGIN by 06db787c-effe-49ba-b97b-9339d6f934ac on None
INFO:audit:AUDIT LOG: LOGIN by 06db787c-effe-49ba-b97b-9339d6f934ac on None
INFO:audit:AUDIT LOG: LOGIN by 06db787c-effe-49ba-b97b-9339d6f934ac on None
INFO:audit:AUDIT LOG: LOGIN by 06db787c-effe-49ba-b97b-9339d6f934ac on None
INFO:audit:AUDIT LOG: LOGIN by 06db787c-effe-49ba-b97b-9339d6f934ac on None
